<?xml version="1.0" encoding="UTF-8"?>
<!-- Generated by org.testng.reporters.JUnitXMLReporter -->
<testsuite ignored="2" hostname="WKWIN1332534" failures="0" tests="1" name="Test" time="6.777" errors="0" timestamp="2022-10-02T11:02:37 IST">
  <testcase classname="insuranceCalculation_Motorcycle.ErrorTests_motorcycle" name="verifyModelDropdownOptions" time="1.466"/>
  <testcase classname="insuranceCalculation_Motorcycle.ErrorTests_motorcycle" name="errorMessage_PayLoadField1" time="0.0">
    <ignored/>
  </testcase> <!-- errorMessage_PayLoadField1 -->
  <testcase classname="insuranceCalculation_Motorcycle.ErrorTests_motorcycle" name="errorMessage_PayLoadField" time="0.0">
    <ignored/>
  </testcase> <!-- errorMessage_PayLoadField -->
</testsuite> <!-- Test -->
