<?xml version="1.0" encoding="UTF-8"?>
<testng-results ignored="2" total="3" passed="1" failed="0" skipped="0">
  <reporter-output>
  </reporter-output>
  <suite started-at="2022-10-02T11:02:31 IST" name="Suite" finished-at="2022-10-02T11:02:37 IST" duration-ms="6777">
    <groups>
    </groups>
    <test started-at="2022-10-02T11:02:31 IST" name="Test" finished-at="2022-10-02T11:02:37 IST" duration-ms="6777">
      <class name="insuranceCalculation_Motorcycle.ErrorTests_motorcycle">
        <test-method is-config="true" signature="setupMethod()[pri:0, instance:insuranceCalculation_Motorcycle.ErrorTests_motorcycle@7995092a]" started-at="2022-10-02T11:02:31 IST" name="setupMethod" finished-at="2022-10-02T11:02:36 IST" duration-ms="5033" status="PASS">
          <reporter-output>
          </reporter-output>
        </test-method> <!-- setupMethod -->
        <test-method signature="verifyModelDropdownOptions()[pri:0, instance:insuranceCalculation_Motorcycle.ErrorTests_motorcycle@7995092a]" started-at="2022-10-02T11:02:36 IST" name="verifyModelDropdownOptions" finished-at="2022-10-02T11:02:37 IST" duration-ms="1466" status="PASS">
          <reporter-output>
          </reporter-output>
        </test-method> <!-- verifyModelDropdownOptions -->
        <test-method is-config="true" signature="cleanUp()[pri:0, instance:insuranceCalculation_Motorcycle.ErrorTests_motorcycle@7995092a]" started-at="2022-10-02T11:02:37 IST" name="cleanUp" finished-at="2022-10-02T11:02:37 IST" duration-ms="186" status="PASS">
          <reporter-output>
          </reporter-output>
        </test-method> <!-- cleanUp -->
      </class> <!-- insuranceCalculation_Motorcycle.ErrorTests_motorcycle -->
    </test> <!-- Test -->
  </suite> <!-- Suite -->
</testng-results>
